TN:
SF:src/labels.tsx
FNF:0
FNH:0
DA:1,8
LF:1
LH:1
BRF:0
BRH:0
end_of_record
TN:
SF:src/components/image.js
FN:16,(anonymous_0)
FNF:1
FNH:0
FNDA:0,(anonymous_0)
DA:16,8
DA:17,0
DA:29,0
LF:3
LH:1
BRF:0
BRH:0
end_of_record
TN:
SF:src/components/index.ts
FN:1,(anonymous_0)
FN:2,(anonymous_1)
FN:3,(anonymous_2)
FN:4,(anonymous_3)
FN:5,(anonymous_4)
FN:6,(anonymous_5)
FN:7,(anonymous_6)
FN:8,(anonymous_7)
FN:9,(anonymous_8)
FN:10,(anonymous_9)
FN:11,(anonymous_10)
FNF:11
FNH:8
FNDA:3,(anonymous_0)
FNDA:6,(anonymous_1)
FNDA:3,(anonymous_2)
FNDA:3,(anonymous_3)
FNDA:7,(anonymous_4)
FNDA:0,(anonymous_5)
FNDA:0,(anonymous_6)
FNDA:5,(anonymous_7)
FNDA:21,(anonymous_8)
FNDA:0,(anonymous_9)
FNDA:6,(anonymous_10)
DA:1,11
DA:2,14
DA:3,11
DA:4,11
DA:5,15
DA:6,8
DA:7,8
DA:8,13
DA:9,29
DA:10,8
DA:11,14
LF:11
LH:11
BRF:0
BRH:0
end_of_record
TN:
SF:src/components/bookFrontCover/bookFrontCover.tsx
FN:12,(anonymous_1)
FNF:1
FNH:1
FNDA:3,(anonymous_1)
DA:1,8
DA:2,8
DA:3,8
DA:4,8
DA:12,8
DA:13,9
DA:14,3
LF:7
LH:7
BRF:0
BRH:0
end_of_record
TN:
SF:src/components/bookSection/bookSection.tsx
FN:14,(anonymous_1)
FNF:1
FNH:1
FNDA:2,(anonymous_1)
DA:1,8
DA:2,8
DA:3,8
DA:14,8
DA:15,4
DA:16,2
DA:18,2
DA:19,0
DA:22,2
LF:9
LH:8
BRDA:18,0,0,0
BRDA:18,0,1,2
BRF:2
BRH:1
end_of_record
TN:
SF:src/components/developerImage/developerImage.tsx
FN:7,(anonymous_1)
FNF:1
FNH:0
FNDA:0,(anonymous_1)
DA:1,8
DA:2,8
DA:4,8
DA:5,8
DA:7,8
DA:8,0
LF:6
LH:5
BRF:0
BRH:0
end_of_record
TN:
SF:src/components/doublePage/doublePage.tsx
FN:16,(anonymous_1)
FN:19,(anonymous_2)
FNF:2
FNH:2
FNDA:3,(anonymous_1)
FNDA:3,(anonymous_2)
DA:1,8
DA:2,8
DA:4,8
DA:5,8
DA:16,8
DA:17,6
DA:19,3
DA:20,3
DA:25,3
LF:9
LH:9
BRF:0
BRH:0
end_of_record
TN:
SF:src/components/heading/heading.tsx
FN:11,(anonymous_1)
FNF:1
FNH:1
FNDA:3,(anonymous_1)
DA:1,8
DA:2,8
DA:4,8
DA:11,8
DA:12,6
DA:14,3
LF:6
LH:6
BRF:0
BRH:0
end_of_record
TN:
SF:src/components/layout/index.tsx
FN:10,(anonymous_1)
FNF:1
FNH:1
FNDA:2,(anonymous_1)
DA:1,8
DA:3,8
DA:4,8
DA:10,8
DA:11,2
DA:12,2
DA:22,8
LF:7
LH:7
BRF:0
BRH:0
end_of_record
TN:
SF:src/components/navBar/navBar.tsx
FN:8,(anonymous_1)
FN:9,(anonymous_2)
FNF:2
FNH:2
FNDA:2,(anonymous_1)
FNDA:18,(anonymous_2)
DA:1,8
DA:2,8
DA:4,8
DA:5,8
DA:6,8
DA:8,8
DA:9,18
DA:12,2
LF:8
LH:8
BRF:0
BRH:0
end_of_record
TN:
SF:src/components/navBarItem/navBarItem.tsx
FN:8,(anonymous_1)
FNF:1
FNH:1
FNDA:2,(anonymous_1)
DA:1,8
DA:2,8
DA:8,8
DA:9,2
DA:10,2
DA:11,2
DA:12,0
DA:15,2
LF:8
LH:7
BRDA:11,0,0,0
BRDA:11,0,1,2
BRF:2
BRH:1
end_of_record
TN:
SF:src/components/seo/seo.js
FN:13,SEO
FNF:1
FNH:0
FNDA:0,SEO
DA:14,0
DA:28,0
DA:30,0
DA:75,8
DA:81,8
LF:5
LH:2
BRDA:28,0,0,0
BRDA:28,0,1,0
BRF:2
BRH:0
end_of_record
TN:
SF:src/components/subHeading/subHeading.tsx
FN:10,(anonymous_1)
FNF:1
FNH:1
FNDA:2,(anonymous_1)
DA:1,8
DA:2,8
DA:4,8
DA:10,8
DA:11,2
DA:13,2
LF:6
LH:6
BRF:0
BRH:0
end_of_record
